<?xml version="1.0" encoding="UTF-8"?>
<testng-results ignored="0" total="2" passed="2" failed="0" skipped="0">
  <reporter-output>
  </reporter-output>
  <suite started-at="2019-08-10T09:17:58Z" name="Suite" finished-at="2019-08-10T09:18:45Z" duration-ms="46756">
    <groups>
    </groups>
    <test started-at="2019-08-10T09:17:58Z" name="Test" finished-at="2019-08-10T09:18:45Z" duration-ms="46756">
      <class name="com.wipro.MavenTest.Config_access">
        <test-method is-config="true" signature="initializeBrowser()[pri:0, instance:com.wipro.MavenTest.Config_access@68e5eea7]" started-at="2019-08-10T09:17:58Z" name="initializeBrowser" finished-at="2019-08-10T09:17:58Z" duration-ms="21" status="PASS">
          <reporter-output>
          </reporter-output>
        </test-method> <!-- initializeBrowser -->
        <test-method signature="launchbrowser()[pri:0, instance:com.wipro.MavenTest.Config_access@68e5eea7]" started-at="2019-08-10T09:17:58Z" name="launchbrowser" finished-at="2019-08-10T09:18:31Z" duration-ms="32739" status="PASS">
          <reporter-output>
          </reporter-output>
        </test-method> <!-- launchbrowser -->
        <test-method signature="navigategoogle()[pri:5, instance:com.wipro.MavenTest.Config_access@68e5eea7]" started-at="2019-08-10T09:18:31Z" name="navigategoogle" finished-at="2019-08-10T09:18:45Z" duration-ms="13981" status="PASS">
          <reporter-output>
          </reporter-output>
        </test-method> <!-- navigategoogle -->
        <test-method is-config="true" signature="closeBrowser()[pri:0, instance:com.wipro.MavenTest.Config_access@68e5eea7]" started-at="2019-08-10T09:18:45Z" name="closeBrowser" finished-at="2019-08-10T09:18:46Z" duration-ms="666" status="PASS">
          <reporter-output>
          </reporter-output>
        </test-method> <!-- closeBrowser -->
      </class> <!-- com.wipro.MavenTest.Config_access -->
    </test> <!-- Test -->
  </suite> <!-- Suite -->
</testng-results>
